<?xml version="1.0" encoding="UTF-8"?>
<testng-results ignored="0" total="0" passed="0" failed="0" skipped="0">
  <reporter-output>
  </reporter-output>
  <suite started-at="2025-03-21T13:32:05 IST" name="uitests.basetest.BaseTest" finished-at="2025-03-21T13:32:05 IST" duration-ms="16">
    <groups>
    </groups>
    <test started-at="2025-03-21T13:32:05 IST" name="Command line test" finished-at="2025-03-21T13:32:05 IST" duration-ms="16">
    </test> <!-- Command line test -->
  </suite> <!-- uitests.basetest.BaseTest -->
</testng-results>
